{"$message_type":"diagnostic","message":"expected identifier, found reserved keyword `gen`","code":null,"level":"error","spans":[{"file_name":"src/main.rs","byte_start":2096,"byte_end":2099,"line_start":71,"line_end":71,"column_start":41,"column_end":44,"is_primary":true,"text":[{"text":"        let computer_choice = match rng.gen::<f64>() {","highlight_start":41,"highlight_end":44}],"label":"expected identifier, found reserved keyword","suggested_replacement":null,"suggestion_applicability":null,"expansion":null}],"children":[{"message":"escape `gen` to use it as an identifier","code":null,"level":"help","spans":[{"file_name":"src/main.rs","byte_start":2096,"byte_end":2096,"line_start":71,"line_end":71,"column_start":41,"column_end":41,"is_primary":true,"text":[{"text":"        let computer_choice = match rng.gen::<f64>() {","highlight_start":41,"highlight_end":41}],"label":null,"suggested_replacement":"r#","suggestion_applicability":"MaybeIncorrect","expansion":null}],"children":[],"rendered":null}],"rendered":"\u001b[1m\u001b[91merror\u001b[0m\u001b[1m: expected identifier, found reserved keyword `gen`\u001b[0m\n  \u001b[1m\u001b[94m--> \u001b[0msrc/main.rs:71:41\n   \u001b[1m\u001b[94m|\u001b[0m\n\u001b[1m\u001b[94m71\u001b[0m \u001b[1m\u001b[94m|\u001b[0m         let computer_choice = match rng.gen::<f64>() {\n   \u001b[1m\u001b[94m|\u001b[0m                                         \u001b[1m\u001b[91m^^^\u001b[0m \u001b[1m\u001b[91mexpected identifier, found reserved keyword\u001b[0m\n   \u001b[1m\u001b[94m|\u001b[0m\n\u001b[1m\u001b[96mhelp\u001b[0m: escape `gen` to use it as an identifier\n   \u001b[1m\u001b[94m|\u001b[0m\n\u001b[1m\u001b[94m71\u001b[0m \u001b[1m\u001b[94m| \u001b[0m        let computer_choice = match rng.\u001b[92mr#\u001b[0mgen::<f64>() {\n   \u001b[1m\u001b[94m|\u001b[0m                                         \u001b[92m++\u001b[0m\n\n"}
{"$message_type":"diagnostic","message":"cannot find function `thread_rng` in crate `rand`","code":{"code":"E0425","explanation":"An unresolved name was used.\n\nErroneous code examples:\n\n```compile_fail,E0425\nsomething_that_doesnt_exist::foo;\n// error: unresolved name `something_that_doesnt_exist::foo`\n\n// or:\n\ntrait Foo {\n    fn bar() {\n        Self; // error: unresolved name `Self`\n    }\n}\n\n// or:\n\nlet x = unknown_variable;  // error: unresolved name `unknown_variable`\n```\n\nPlease verify that the name wasn't misspelled and ensure that the\nidentifier being referred to is valid for the given situation. Example:\n\n```\nenum something_that_does_exist {\n    Foo,\n}\n```\n\nOr:\n\n```\nmod something_that_does_exist {\n    pub static foo : i32 = 0i32;\n}\n\nsomething_that_does_exist::foo; // ok!\n```\n\nOr:\n\n```\nlet unknown_variable = 12u32;\nlet x = unknown_variable; // ok!\n```\n\nIf the item is not defined in the current module, it must be imported using a\n`use` statement, like so:\n\n```\n# mod foo { pub fn bar() {} }\n# fn main() {\nuse foo::bar;\nbar();\n# }\n```\n\nIf the item you are importing is not defined in some super-module of the\ncurrent module, then it must also be declared as public (e.g., `pub fn`).\n"},"level":"error","spans":[{"file_name":"src/main.rs","byte_start":1732,"byte_end":1742,"line_start":60,"line_end":60,"column_start":25,"column_end":35,"is_primary":true,"text":[{"text":"    let mut rng = rand::thread_rng();","highlight_start":25,"highlight_end":35}],"label":"not found in `rand`","suggested_replacement":null,"suggestion_applicability":null,"expansion":null}],"children":[],"rendered":"\u001b[1m\u001b[91merror[E0425]\u001b[0m\u001b[1m: cannot find function `thread_rng` in crate `rand`\u001b[0m\n  \u001b[1m\u001b[94m--> \u001b[0msrc/main.rs:60:25\n   \u001b[1m\u001b[94m|\u001b[0m\n\u001b[1m\u001b[94m60\u001b[0m \u001b[1m\u001b[94m|\u001b[0m     let mut rng = rand::thread_rng();\n   \u001b[1m\u001b[94m|\u001b[0m                         \u001b[1m\u001b[91m^^^^^^^^^^\u001b[0m \u001b[1m\u001b[91mnot found in `rand`\u001b[0m\n\n"}
{"$message_type":"diagnostic","message":"unused import: `rand::Rng`","code":{"code":"unused_imports","explanation":null},"level":"warning","spans":[{"file_name":"src/main.rs","byte_start":4,"byte_end":13,"line_start":1,"line_end":1,"column_start":5,"column_end":14,"is_primary":true,"text":[{"text":"use rand::Rng;","highlight_start":5,"highlight_end":14}],"label":null,"suggested_replacement":null,"suggestion_applicability":null,"expansion":null}],"children":[{"message":"`#[warn(unused_imports)]` (part of `#[warn(unused)]`) on by default","code":null,"level":"note","spans":[],"children":[],"rendered":null},{"message":"remove the whole `use` item","code":null,"level":"help","spans":[{"file_name":"src/main.rs","byte_start":0,"byte_end":15,"line_start":1,"line_end":2,"column_start":1,"column_end":1,"is_primary":true,"text":[{"text":"use rand::Rng;","highlight_start":1,"highlight_end":15},{"text":"use std::io;","highlight_start":1,"highlight_end":1}],"label":null,"suggested_replacement":"","suggestion_applicability":"MachineApplicable","expansion":null}],"children":[],"rendered":null}],"rendered":"\u001b[1m\u001b[33mwarning\u001b[0m\u001b[1m: unused import: `rand::Rng`\u001b[0m\n \u001b[1m\u001b[94m--> \u001b[0msrc/main.rs:1:5\n  \u001b[1m\u001b[94m|\u001b[0m\n\u001b[1m\u001b[94m1\u001b[0m \u001b[1m\u001b[94m|\u001b[0m use rand::Rng;\n  \u001b[1m\u001b[94m|\u001b[0m     \u001b[1m\u001b[33m^^^^^^^^^\u001b[0m\n  \u001b[1m\u001b[94m|\u001b[0m\n  \u001b[1m\u001b[94m= \u001b[0m\u001b[1mnote\u001b[0m: `#[warn(unused_imports)]` (part of `#[warn(unused)]`) on by default\n\n"}
{"$message_type":"diagnostic","message":"mismatched types","code":{"code":"E0308","explanation":"Expected type did not match the received type.\n\nErroneous code examples:\n\n```compile_fail,E0308\nfn plus_one(x: i32) -> i32 {\n    x + 1\n}\n\nplus_one(\"Not a number\");\n//       ^^^^^^^^^^^^^^ expected `i32`, found `&str`\n\nif \"Not a bool\" {\n// ^^^^^^^^^^^^ expected `bool`, found `&str`\n}\n\nlet x: f32 = \"Not a float\";\n//     ---   ^^^^^^^^^^^^^ expected `f32`, found `&str`\n//     |\n//     expected due to this\n```\n\nThis error occurs when an expression was used in a place where the compiler\nexpected an expression of a different type. It can occur in several cases, the\nmost common being when calling a function and passing an argument which has a\ndifferent type than the matching type in the function declaration.\n"},"level":"error","spans":[{"file_name":"src/main.rs","byte_start":280,"byte_end":286,"line_start":15,"line_end":15,"column_start":13,"column_end":19,"is_primary":true,"text":[{"text":"            \"rock\" => Self::Rock,","highlight_start":13,"highlight_end":19}],"label":"expected `&String`, found `&str`","suggested_replacement":null,"suggestion_applicability":null,"expansion":null},{"file_name":"src/main.rs","byte_start":244,"byte_end":265,"line_start":14,"line_end":14,"column_start":15,"column_end":36,"is_primary":false,"text":[{"text":"        match &input.to_lowercase() {","highlight_start":15,"highlight_end":36}],"label":"this expression has type `&String`","suggested_replacement":null,"suggestion_applicability":null,"expansion":null}],"children":[{"message":"expected reference `&String`\n   found reference `&'static str`","code":null,"level":"note","spans":[],"children":[],"rendered":null}],"rendered":"\u001b[1m\u001b[91merror[E0308]\u001b[0m\u001b[1m: mismatched types\u001b[0m\n  \u001b[1m\u001b[94m--> \u001b[0msrc/main.rs:15:13\n   \u001b[1m\u001b[94m|\u001b[0m\n\u001b[1m\u001b[94m14\u001b[0m \u001b[1m\u001b[94m|\u001b[0m         match &input.to_lowercase() {\n   \u001b[1m\u001b[94m|\u001b[0m               \u001b[1m\u001b[94m---------------------\u001b[0m \u001b[1m\u001b[94mthis expression has type `&String`\u001b[0m\n\u001b[1m\u001b[94m15\u001b[0m \u001b[1m\u001b[94m|\u001b[0m             \"rock\" => Self::Rock,\n   \u001b[1m\u001b[94m|\u001b[0m             \u001b[1m\u001b[91m^^^^^^\u001b[0m \u001b[1m\u001b[91mexpected `&String`, found `&str`\u001b[0m\n   \u001b[1m\u001b[94m|\u001b[0m\n   \u001b[1m\u001b[94m= \u001b[0m\u001b[1mnote\u001b[0m: expected reference `\u001b[1m\u001b[35m&String\u001b[0m`\n              found reference `\u001b[1m\u001b[35m&'static str\u001b[0m`\n\n"}
{"$message_type":"diagnostic","message":"mismatched types","code":{"code":"E0308","explanation":"Expected type did not match the received type.\n\nErroneous code examples:\n\n```compile_fail,E0308\nfn plus_one(x: i32) -> i32 {\n    x + 1\n}\n\nplus_one(\"Not a number\");\n//       ^^^^^^^^^^^^^^ expected `i32`, found `&str`\n\nif \"Not a bool\" {\n// ^^^^^^^^^^^^ expected `bool`, found `&str`\n}\n\nlet x: f32 = \"Not a float\";\n//     ---   ^^^^^^^^^^^^^ expected `f32`, found `&str`\n//     |\n//     expected due to this\n```\n\nThis error occurs when an expression was used in a place where the compiler\nexpected an expression of a different type. It can occur in several cases, the\nmost common being when calling a function and passing an argument which has a\ndifferent type than the matching type in the function declaration.\n"},"level":"error","spans":[{"file_name":"src/main.rs","byte_start":314,"byte_end":321,"line_start":16,"line_end":16,"column_start":13,"column_end":20,"is_primary":true,"text":[{"text":"            \"paper\" => Self::Paper,","highlight_start":13,"highlight_end":20}],"label":"expected `&String`, found `&str`","suggested_replacement":null,"suggestion_applicability":null,"expansion":null},{"file_name":"src/main.rs","byte_start":244,"byte_end":265,"line_start":14,"line_end":14,"column_start":15,"column_end":36,"is_primary":false,"text":[{"text":"        match &input.to_lowercase() {","highlight_start":15,"highlight_end":36}],"label":"this expression has type `&String`","suggested_replacement":null,"suggestion_applicability":null,"expansion":null}],"children":[{"message":"expected reference `&String`\n   found reference `&'static str`","code":null,"level":"note","spans":[],"children":[],"rendered":null}],"rendered":"\u001b[1m\u001b[91merror[E0308]\u001b[0m\u001b[1m: mismatched types\u001b[0m\n  \u001b[1m\u001b[94m--> \u001b[0msrc/main.rs:16:13\n   \u001b[1m\u001b[94m|\u001b[0m\n\u001b[1m\u001b[94m14\u001b[0m \u001b[1m\u001b[94m|\u001b[0m         match &input.to_lowercase() {\n   \u001b[1m\u001b[94m|\u001b[0m               \u001b[1m\u001b[94m---------------------\u001b[0m \u001b[1m\u001b[94mthis expression has type `&String`\u001b[0m\n\u001b[1m\u001b[94m15\u001b[0m \u001b[1m\u001b[94m|\u001b[0m             \"rock\" => Self::Rock,\n\u001b[1m\u001b[94m16\u001b[0m \u001b[1m\u001b[94m|\u001b[0m             \"paper\" => Self::Paper,\n   \u001b[1m\u001b[94m|\u001b[0m             \u001b[1m\u001b[91m^^^^^^^\u001b[0m \u001b[1m\u001b[91mexpected `&String`, found `&str`\u001b[0m\n   \u001b[1m\u001b[94m|\u001b[0m\n   \u001b[1m\u001b[94m= \u001b[0m\u001b[1mnote\u001b[0m: expected reference `\u001b[1m\u001b[35m&String\u001b[0m`\n              found reference `\u001b[1m\u001b[35m&'static str\u001b[0m`\n\n"}
{"$message_type":"diagnostic","message":"mismatched types","code":{"code":"E0308","explanation":"Expected type did not match the received type.\n\nErroneous code examples:\n\n```compile_fail,E0308\nfn plus_one(x: i32) -> i32 {\n    x + 1\n}\n\nplus_one(\"Not a number\");\n//       ^^^^^^^^^^^^^^ expected `i32`, found `&str`\n\nif \"Not a bool\" {\n// ^^^^^^^^^^^^ expected `bool`, found `&str`\n}\n\nlet x: f32 = \"Not a float\";\n//     ---   ^^^^^^^^^^^^^ expected `f32`, found `&str`\n//     |\n//     expected due to this\n```\n\nThis error occurs when an expression was used in a place where the compiler\nexpected an expression of a different type. It can occur in several cases, the\nmost common being when calling a function and passing an argument which has a\ndifferent type than the matching type in the function declaration.\n"},"level":"error","spans":[{"file_name":"src/main.rs","byte_start":350,"byte_end":360,"line_start":17,"line_end":17,"column_start":13,"column_end":23,"is_primary":true,"text":[{"text":"            \"scissors\" => Self::Scissors,","highlight_start":13,"highlight_end":23}],"label":"expected `&String`, found `&str`","suggested_replacement":null,"suggestion_applicability":null,"expansion":null},{"file_name":"src/main.rs","byte_start":244,"byte_end":265,"line_start":14,"line_end":14,"column_start":15,"column_end":36,"is_primary":false,"text":[{"text":"        match &input.to_lowercase() {","highlight_start":15,"highlight_end":36}],"label":"this expression has type `&String`","suggested_replacement":null,"suggestion_applicability":null,"expansion":null}],"children":[{"message":"expected reference `&String`\n   found reference `&'static str`","code":null,"level":"note","spans":[],"children":[],"rendered":null}],"rendered":"\u001b[1m\u001b[91merror[E0308]\u001b[0m\u001b[1m: mismatched types\u001b[0m\n  \u001b[1m\u001b[94m--> \u001b[0msrc/main.rs:17:13\n   \u001b[1m\u001b[94m|\u001b[0m\n\u001b[1m\u001b[94m14\u001b[0m \u001b[1m\u001b[94m|\u001b[0m         match &input.to_lowercase() {\n   \u001b[1m\u001b[94m|\u001b[0m               \u001b[1m\u001b[94m---------------------\u001b[0m \u001b[1m\u001b[94mthis expression has type `&String`\u001b[0m\n\u001b[1m\u001b[94m...\u001b[0m\n\u001b[1m\u001b[94m17\u001b[0m \u001b[1m\u001b[94m|\u001b[0m             \"scissors\" => Self::Scissors,\n   \u001b[1m\u001b[94m|\u001b[0m             \u001b[1m\u001b[91m^^^^^^^^^^\u001b[0m \u001b[1m\u001b[91mexpected `&String`, found `&str`\u001b[0m\n   \u001b[1m\u001b[94m|\u001b[0m\n   \u001b[1m\u001b[94m= \u001b[0m\u001b[1mnote\u001b[0m: expected reference `\u001b[1m\u001b[35m&String\u001b[0m`\n              found reference `\u001b[1m\u001b[35m&'static str\u001b[0m`\n\n"}
{"$message_type":"diagnostic","message":"type `Choice` cannot be dereferenced","code":{"code":"E0614","explanation":"Attempted to dereference a variable which cannot be dereferenced.\n\nErroneous code example:\n\n```compile_fail,E0614\nlet y = 0u32;\n*y; // error: type `u32` cannot be dereferenced\n```\n\nOnly types implementing `std::ops::Deref` can be dereferenced (such as `&T`).\nExample:\n\n```\nlet y = 0u32;\nlet x = &y;\n// So here, `x` is a `&u32`, so we can dereference it:\n*x; // ok!\n```\n"},"level":"error","spans":[{"file_name":"src/main.rs","byte_start":1636,"byte_end":1642,"line_start":53,"line_end":53,"column_start":58,"column_end":64,"is_primary":true,"text":[{"text":"            Self::Rock | Self::Paper | Self::Scissors => *other == *self,","highlight_start":58,"highlight_end":64}],"label":"can't be dereferenced","suggested_replacement":null,"suggestion_applicability":null,"expansion":null}],"children":[],"rendered":"\u001b[1m\u001b[91merror[E0614]\u001b[0m\u001b[1m: type `Choice` cannot be dereferenced\u001b[0m\n  \u001b[1m\u001b[94m--> \u001b[0msrc/main.rs:53:58\n   \u001b[1m\u001b[94m|\u001b[0m\n\u001b[1m\u001b[94m53\u001b[0m \u001b[1m\u001b[94m|\u001b[0m             Self::Rock | Self::Paper | Self::Scissors => *other == *self,\n   \u001b[1m\u001b[94m|\u001b[0m                                                          \u001b[1m\u001b[91m^^^^^^\u001b[0m \u001b[1m\u001b[91mcan't be dereferenced\u001b[0m\n\n"}
{"$message_type":"diagnostic","message":"no method named `trim` found for type `usize` in the current scope","code":{"code":"E0599","explanation":"This error occurs when a method is used on a type which doesn't implement it:\n\nErroneous code example:\n\n```compile_fail,E0599\nstruct Mouth;\n\nlet x = Mouth;\nx.chocolate(); // error: no method named `chocolate` found for type `Mouth`\n               //        in the current scope\n```\n\nIn this case, you need to implement the `chocolate` method to fix the error:\n\n```\nstruct Mouth;\n\nimpl Mouth {\n    fn chocolate(&self) { // We implement the `chocolate` method here.\n        println!(\"Hmmm! I love chocolate!\");\n    }\n}\n\nlet x = Mouth;\nx.chocolate(); // ok!\n```\n"},"level":"error","spans":[{"file_name":"src/main.rs","byte_start":2034,"byte_end":2038,"line_start":69,"line_end":69,"column_start":47,"column_end":51,"is_primary":true,"text":[{"text":"        let choice = Choice::from_input(input.trim().to_string());","highlight_start":47,"highlight_end":51}],"label":"method not found in `usize`","suggested_replacement":null,"suggestion_applicability":null,"expansion":null}],"children":[],"rendered":"\u001b[1m\u001b[91merror[E0599]\u001b[0m\u001b[1m: no method named `trim` found for type `usize` in the current scope\u001b[0m\n  \u001b[1m\u001b[94m--> \u001b[0msrc/main.rs:69:47\n   \u001b[1m\u001b[94m|\u001b[0m\n\u001b[1m\u001b[94m69\u001b[0m \u001b[1m\u001b[94m|\u001b[0m         let choice = Choice::from_input(input.trim().to_string());\n   \u001b[1m\u001b[94m|\u001b[0m                                               \u001b[1m\u001b[91m^^^^\u001b[0m \u001b[1m\u001b[91mmethod not found in `usize`\u001b[0m\n\n"}
{"$message_type":"diagnostic","message":"`Choice` doesn't implement `Debug`","code":{"code":"E0277","explanation":"You tried to use a type which doesn't implement some trait in a place which\nexpected that trait.\n\nErroneous code example:\n\n```compile_fail,E0277\n// here we declare the Foo trait with a bar method\ntrait Foo {\n    fn bar(&self);\n}\n\n// we now declare a function which takes an object implementing the Foo trait\nfn some_func<T: Foo>(foo: T) {\n    foo.bar();\n}\n\nfn main() {\n    // we now call the method with the i32 type, which doesn't implement\n    // the Foo trait\n    some_func(5i32); // error: the trait bound `i32 : Foo` is not satisfied\n}\n```\n\nIn order to fix this error, verify that the type you're using does implement\nthe trait. Example:\n\n```\ntrait Foo {\n    fn bar(&self);\n}\n\n// we implement the trait on the i32 type\nimpl Foo for i32 {\n    fn bar(&self) {}\n}\n\nfn some_func<T: Foo>(foo: T) {\n    foo.bar(); // we can now use this method since i32 implements the\n               // Foo trait\n}\n\nfn main() {\n    some_func(5i32); // ok!\n}\n```\n\nOr in a generic context, an erroneous code example would look like:\n\n```compile_fail,E0277\nfn some_func<T>(foo: T) {\n    println!(\"{:?}\", foo); // error: the trait `core::fmt::Debug` is not\n                           //        implemented for the type `T`\n}\n\nfn main() {\n    // We now call the method with the i32 type,\n    // which *does* implement the Debug trait.\n    some_func(5i32);\n}\n```\n\nNote that the error here is in the definition of the generic function. Although\nwe only call it with a parameter that does implement `Debug`, the compiler\nstill rejects the function. It must work with all possible input types. In\norder to make this example compile, we need to restrict the generic type we're\naccepting:\n\n```\nuse std::fmt;\n\n// Restrict the input type to types that implement Debug.\nfn some_func<T: fmt::Debug>(foo: T) {\n    println!(\"{:?}\", foo);\n}\n\nfn main() {\n    // Calling the method is still fine, as i32 implements Debug.\n    some_func(5i32);\n\n    // This would fail to compile now:\n    // struct WithoutDebug;\n    // some_func(WithoutDebug);\n}\n```\n\nRust only looks at the signature of the called function, as such it must\nalready specify all requirements that will be used for every type parameter.\n"},"level":"error","spans":[{"file_name":"src/main.rs","byte_start":2276,"byte_end":2282,"line_start":77,"line_end":77,"column_start":37,"column_end":43,"is_primary":true,"text":[{"text":"        println!(\"You chose: {:?}\", choice);","highlight_start":37,"highlight_end":43}],"label":"`Choice` cannot be formatted using `{:?}` because it doesn't implement `Debug`","suggested_replacement":null,"suggestion_applicability":null,"expansion":{"span":{"file_name":"/home/jecobej/.rustup/toolchains/stable-x86_64-unknown-linux-gnu/lib/rustlib/src/rust/library/std/src/macros.rs","byte_start":4407,"byte_end":4440,"line_start":143,"line_end":143,"column_start":28,"column_end":61,"is_primary":false,"text":[{"text":"        $crate::io::_print($crate::format_args_nl!($($arg)*));","highlight_start":28,"highlight_end":61}],"label":null,"suggested_replacement":null,"suggestion_applicability":null,"expansion":{"span":{"file_name":"/home/jecobej/.rustup/toolchains/stable-x86_64-unknown-linux-gnu/lib/rustlib/src/rust/library/std/src/macros.rs","byte_start":4407,"byte_end":4440,"line_start":143,"line_end":143,"column_start":28,"column_end":61,"is_primary":false,"text":[{"text":"        $crate::io::_print($crate::format_args_nl!($($arg)*));","highlight_start":28,"highlight_end":61}],"label":null,"suggested_replacement":null,"suggestion_applicability":null,"expansion":{"span":{"file_name":"src/main.rs","byte_start":2248,"byte_end":2283,"line_start":77,"line_end":77,"column_start":9,"column_end":44,"is_primary":false,"text":[{"text":"        println!(\"You chose: {:?}\", choice);","highlight_start":9,"highlight_end":44}],"label":null,"suggested_replacement":null,"suggestion_applicability":null,"expansion":null},"macro_decl_name":"println!","def_site_span":{"file_name":"/home/jecobej/.rustup/toolchains/stable-x86_64-unknown-linux-gnu/lib/rustlib/src/rust/library/std/src/macros.rs","byte_start":4285,"byte_end":4305,"line_start":138,"line_end":138,"column_start":1,"column_end":21,"is_primary":false,"text":[{"text":"macro_rules! println {","highlight_start":1,"highlight_end":21}],"label":null,"suggested_replacement":null,"suggestion_applicability":null,"expansion":null}}},"macro_decl_name":"$crate::format_args_nl!","def_site_span":{"file_name":"/home/jecobej/.rustup/toolchains/stable-x86_64-unknown-linux-gnu/lib/rustlib/src/rust/library/core/src/macros/mod.rs","byte_start":36106,"byte_end":36133,"line_start":1027,"line_end":1027,"column_start":5,"column_end":32,"is_primary":false,"text":[{"text":"    macro_rules! format_args_nl {","highlight_start":5,"highlight_end":32}],"label":null,"suggested_replacement":null,"suggestion_applicability":null,"expansion":null}}},"macro_decl_name":"desugaring of format string literal","def_site_span":{"file_name":"src/main.rs","byte_start":0,"byte_end":0,"line_start":1,"line_end":1,"column_start":1,"column_end":1,"is_primary":false,"text":[],"label":null,"suggested_replacement":null,"suggestion_applicability":null,"expansion":null}}},{"file_name":"src/main.rs","byte_start":2269,"byte_end":2273,"line_start":77,"line_end":77,"column_start":30,"column_end":34,"is_primary":false,"text":[{"text":"        println!(\"You chose: {:?}\", choice);","highlight_start":30,"highlight_end":34}],"label":"required by this formatting parameter","suggested_replacement":null,"suggestion_applicability":null,"expansion":{"span":{"file_name":"/home/jecobej/.rustup/toolchains/stable-x86_64-unknown-linux-gnu/lib/rustlib/src/rust/library/std/src/macros.rs","byte_start":4407,"byte_end":4440,"line_start":143,"line_end":143,"column_start":28,"column_end":61,"is_primary":false,"text":[{"text":"        $crate::io::_print($crate::format_args_nl!($($arg)*));","highlight_start":28,"highlight_end":61}],"label":null,"suggested_replacement":null,"suggestion_applicability":null,"expansion":{"span":{"file_name":"/home/jecobej/.rustup/toolchains/stable-x86_64-unknown-linux-gnu/lib/rustlib/src/rust/library/std/src/macros.rs","byte_start":4407,"byte_end":4440,"line_start":143,"line_end":143,"column_start":28,"column_end":61,"is_primary":false,"text":[{"text":"        $crate::io::_print($crate::format_args_nl!($($arg)*));","highlight_start":28,"highlight_end":61}],"label":null,"suggested_replacement":null,"suggestion_applicability":null,"expansion":{"span":{"file_name":"src/main.rs","byte_start":2248,"byte_end":2283,"line_start":77,"line_end":77,"column_start":9,"column_end":44,"is_primary":false,"text":[{"text":"        println!(\"You chose: {:?}\", choice);","highlight_start":9,"highlight_end":44}],"label":null,"suggested_replacement":null,"suggestion_applicability":null,"expansion":null},"macro_decl_name":"println!","def_site_span":{"file_name":"/home/jecobej/.rustup/toolchains/stable-x86_64-unknown-linux-gnu/lib/rustlib/src/rust/library/std/src/macros.rs","byte_start":4285,"byte_end":4305,"line_start":138,"line_end":138,"column_start":1,"column_end":21,"is_primary":false,"text":[{"text":"macro_rules! println {","highlight_start":1,"highlight_end":21}],"label":null,"suggested_replacement":null,"suggestion_applicability":null,"expansion":null}}},"macro_decl_name":"$crate::format_args_nl!","def_site_span":{"file_name":"/home/jecobej/.rustup/toolchains/stable-x86_64-unknown-linux-gnu/lib/rustlib/src/rust/library/core/src/macros/mod.rs","byte_start":36106,"byte_end":36133,"line_start":1027,"line_end":1027,"column_start":5,"column_end":32,"is_primary":false,"text":[{"text":"    macro_rules! format_args_nl {","highlight_start":5,"highlight_end":32}],"label":null,"suggested_replacement":null,"suggestion_applicability":null,"expansion":null}}},"macro_decl_name":"desugaring of format string literal","def_site_span":{"file_name":"src/main.rs","byte_start":0,"byte_end":0,"line_start":1,"line_end":1,"column_start":1,"column_end":1,"is_primary":false,"text":[],"label":null,"suggested_replacement":null,"suggestion_applicability":null,"expansion":null}}}],"children":[{"message":"the trait `Debug` is not implemented for `Choice`","code":null,"level":"help","spans":[],"children":[],"rendered":null},{"message":"add `#[derive(Debug)]` to `Choice` or manually `impl Debug for Choice`","code":null,"level":"note","spans":[],"children":[],"rendered":null},{"message":"consider annotating `Choice` with `#[derive(Debug)]`","code":null,"level":"help","spans":[{"file_name":"src/main.rs","byte_start":72,"byte_end":72,"line_start":5,"line_end":5,"column_start":1,"column_end":1,"is_primary":true,"text":[{"text":"enum Choice {","highlight_start":1,"highlight_end":1}],"label":null,"suggested_replacement":"#[derive(Debug)]\n","suggestion_applicability":"MaybeIncorrect","expansion":null}],"children":[],"rendered":null}],"rendered":"\u001b[1m\u001b[91merror[E0277]\u001b[0m\u001b[1m: `Choice` doesn't implement `Debug`\u001b[0m\n  \u001b[1m\u001b[94m--> \u001b[0msrc/main.rs:77:37\n   \u001b[1m\u001b[94m|\u001b[0m\n\u001b[1m\u001b[94m77\u001b[0m \u001b[1m\u001b[94m|\u001b[0m         println!(\"You chose: {:?}\", choice);\n   \u001b[1m\u001b[94m|\u001b[0m                              \u001b[1m\u001b[94m----\u001b[0m   \u001b[1m\u001b[91m^^^^^^\u001b[0m \u001b[1m\u001b[91m`Choice` cannot be formatted using `{:?}` because it doesn't implement `Debug`\u001b[0m\n   \u001b[1m\u001b[94m|\u001b[0m                              \u001b[1m\u001b[94m|\u001b[0m\n   \u001b[1m\u001b[94m|\u001b[0m                              \u001b[1m\u001b[94mrequired by this formatting parameter\u001b[0m\n   \u001b[1m\u001b[94m|\u001b[0m\n   \u001b[1m\u001b[94m= \u001b[0m\u001b[1mhelp\u001b[0m: the trait `Debug` is not implemented for `Choice`\n   \u001b[1m\u001b[94m= \u001b[0m\u001b[1mnote\u001b[0m: add `#[derive(Debug)]` to `Choice` or manually `impl Debug for Choice`\n   \u001b[1m\u001b[94m= \u001b[0m\u001b[1mnote\u001b[0m: this error originates in the macro `$crate::format_args_nl` which comes from the expansion of the macro `println` (in Nightly builds, run with -Z macro-backtrace for more info)\n\u001b[1m\u001b[96mhelp\u001b[0m: consider annotating `Choice` with `#[derive(Debug)]`\n   \u001b[1m\u001b[94m|\u001b[0m\n \u001b[1m\u001b[94m5\u001b[0m \u001b[92m+ #[derive(Debug)]\u001b[0m\n \u001b[1m\u001b[94m6\u001b[0m \u001b[1m\u001b[94m| \u001b[0menum Choice {\n   \u001b[1m\u001b[94m|\u001b[0m\n\n"}
{"$message_type":"diagnostic","message":"`Choice` doesn't implement `Debug`","code":{"code":"E0277","explanation":"You tried to use a type which doesn't implement some trait in a place which\nexpected that trait.\n\nErroneous code example:\n\n```compile_fail,E0277\n// here we declare the Foo trait with a bar method\ntrait Foo {\n    fn bar(&self);\n}\n\n// we now declare a function which takes an object implementing the Foo trait\nfn some_func<T: Foo>(foo: T) {\n    foo.bar();\n}\n\nfn main() {\n    // we now call the method with the i32 type, which doesn't implement\n    // the Foo trait\n    some_func(5i32); // error: the trait bound `i32 : Foo` is not satisfied\n}\n```\n\nIn order to fix this error, verify that the type you're using does implement\nthe trait. Example:\n\n```\ntrait Foo {\n    fn bar(&self);\n}\n\n// we implement the trait on the i32 type\nimpl Foo for i32 {\n    fn bar(&self) {}\n}\n\nfn some_func<T: Foo>(foo: T) {\n    foo.bar(); // we can now use this method since i32 implements the\n               // Foo trait\n}\n\nfn main() {\n    some_func(5i32); // ok!\n}\n```\n\nOr in a generic context, an erroneous code example would look like:\n\n```compile_fail,E0277\nfn some_func<T>(foo: T) {\n    println!(\"{:?}\", foo); // error: the trait `core::fmt::Debug` is not\n                           //        implemented for the type `T`\n}\n\nfn main() {\n    // We now call the method with the i32 type,\n    // which *does* implement the Debug trait.\n    some_func(5i32);\n}\n```\n\nNote that the error here is in the definition of the generic function. Although\nwe only call it with a parameter that does implement `Debug`, the compiler\nstill rejects the function. It must work with all possible input types. In\norder to make this example compile, we need to restrict the generic type we're\naccepting:\n\n```\nuse std::fmt;\n\n// Restrict the input type to types that implement Debug.\nfn some_func<T: fmt::Debug>(foo: T) {\n    println!(\"{:?}\", foo);\n}\n\nfn main() {\n    // Calling the method is still fine, as i32 implements Debug.\n    some_func(5i32);\n\n    // This would fail to compile now:\n    // struct WithoutDebug;\n    // some_func(WithoutDebug);\n}\n```\n\nRust only looks at the signature of the called function, as such it must\nalready specify all requirements that will be used for every type parameter.\n"},"level":"error","spans":[{"file_name":"src/main.rs","byte_start":2326,"byte_end":2341,"line_start":78,"line_end":78,"column_start":42,"column_end":57,"is_primary":true,"text":[{"text":"        println!(\"Computer chose: {:?}\", computer_choice);","highlight_start":42,"highlight_end":57}],"label":"`Choice` cannot be formatted using `{:?}` because it doesn't implement `Debug`","suggested_replacement":null,"suggestion_applicability":null,"expansion":{"span":{"file_name":"/home/jecobej/.rustup/toolchains/stable-x86_64-unknown-linux-gnu/lib/rustlib/src/rust/library/std/src/macros.rs","byte_start":4407,"byte_end":4440,"line_start":143,"line_end":143,"column_start":28,"column_end":61,"is_primary":false,"text":[{"text":"        $crate::io::_print($crate::format_args_nl!($($arg)*));","highlight_start":28,"highlight_end":61}],"label":null,"suggested_replacement":null,"suggestion_applicability":null,"expansion":{"span":{"file_name":"/home/jecobej/.rustup/toolchains/stable-x86_64-unknown-linux-gnu/lib/rustlib/src/rust/library/std/src/macros.rs","byte_start":4407,"byte_end":4440,"line_start":143,"line_end":143,"column_start":28,"column_end":61,"is_primary":false,"text":[{"text":"        $crate::io::_print($crate::format_args_nl!($($arg)*));","highlight_start":28,"highlight_end":61}],"label":null,"suggested_replacement":null,"suggestion_applicability":null,"expansion":{"span":{"file_name":"src/main.rs","byte_start":2293,"byte_end":2342,"line_start":78,"line_end":78,"column_start":9,"column_end":58,"is_primary":false,"text":[{"text":"        println!(\"Computer chose: {:?}\", computer_choice);","highlight_start":9,"highlight_end":58}],"label":null,"suggested_replacement":null,"suggestion_applicability":null,"expansion":null},"macro_decl_name":"println!","def_site_span":{"file_name":"/home/jecobej/.rustup/toolchains/stable-x86_64-unknown-linux-gnu/lib/rustlib/src/rust/library/std/src/macros.rs","byte_start":4285,"byte_end":4305,"line_start":138,"line_end":138,"column_start":1,"column_end":21,"is_primary":false,"text":[{"text":"macro_rules! println {","highlight_start":1,"highlight_end":21}],"label":null,"suggested_replacement":null,"suggestion_applicability":null,"expansion":null}}},"macro_decl_name":"$crate::format_args_nl!","def_site_span":{"file_name":"/home/jecobej/.rustup/toolchains/stable-x86_64-unknown-linux-gnu/lib/rustlib/src/rust/library/core/src/macros/mod.rs","byte_start":36106,"byte_end":36133,"line_start":1027,"line_end":1027,"column_start":5,"column_end":32,"is_primary":false,"text":[{"text":"    macro_rules! format_args_nl {","highlight_start":5,"highlight_end":32}],"label":null,"suggested_replacement":null,"suggestion_applicability":null,"expansion":null}}},"macro_decl_name":"desugaring of format string literal","def_site_span":{"file_name":"src/main.rs","byte_start":0,"byte_end":0,"line_start":1,"line_end":1,"column_start":1,"column_end":1,"is_primary":false,"text":[],"label":null,"suggested_replacement":null,"suggestion_applicability":null,"expansion":null}}},{"file_name":"src/main.rs","byte_start":2319,"byte_end":2323,"line_start":78,"line_end":78,"column_start":35,"column_end":39,"is_primary":false,"text":[{"text":"        println!(\"Computer chose: {:?}\", computer_choice);","highlight_start":35,"highlight_end":39}],"label":"required by this formatting parameter","suggested_replacement":null,"suggestion_applicability":null,"expansion":{"span":{"file_name":"/home/jecobej/.rustup/toolchains/stable-x86_64-unknown-linux-gnu/lib/rustlib/src/rust/library/std/src/macros.rs","byte_start":4407,"byte_end":4440,"line_start":143,"line_end":143,"column_start":28,"column_end":61,"is_primary":false,"text":[{"text":"        $crate::io::_print($crate::format_args_nl!($($arg)*));","highlight_start":28,"highlight_end":61}],"label":null,"suggested_replacement":null,"suggestion_applicability":null,"expansion":{"span":{"file_name":"/home/jecobej/.rustup/toolchains/stable-x86_64-unknown-linux-gnu/lib/rustlib/src/rust/library/std/src/macros.rs","byte_start":4407,"byte_end":4440,"line_start":143,"line_end":143,"column_start":28,"column_end":61,"is_primary":false,"text":[{"text":"        $crate::io::_print($crate::format_args_nl!($($arg)*));","highlight_start":28,"highlight_end":61}],"label":null,"suggested_replacement":null,"suggestion_applicability":null,"expansion":{"span":{"file_name":"src/main.rs","byte_start":2293,"byte_end":2342,"line_start":78,"line_end":78,"column_start":9,"column_end":58,"is_primary":false,"text":[{"text":"        println!(\"Computer chose: {:?}\", computer_choice);","highlight_start":9,"highlight_end":58}],"label":null,"suggested_replacement":null,"suggestion_applicability":null,"expansion":null},"macro_decl_name":"println!","def_site_span":{"file_name":"/home/jecobej/.rustup/toolchains/stable-x86_64-unknown-linux-gnu/lib/rustlib/src/rust/library/std/src/macros.rs","byte_start":4285,"byte_end":4305,"line_start":138,"line_end":138,"column_start":1,"column_end":21,"is_primary":false,"text":[{"text":"macro_rules! println {","highlight_start":1,"highlight_end":21}],"label":null,"suggested_replacement":null,"suggestion_applicability":null,"expansion":null}}},"macro_decl_name":"$crate::format_args_nl!","def_site_span":{"file_name":"/home/jecobej/.rustup/toolchains/stable-x86_64-unknown-linux-gnu/lib/rustlib/src/rust/library/core/src/macros/mod.rs","byte_start":36106,"byte_end":36133,"line_start":1027,"line_end":1027,"column_start":5,"column_end":32,"is_primary":false,"text":[{"text":"    macro_rules! format_args_nl {","highlight_start":5,"highlight_end":32}],"label":null,"suggested_replacement":null,"suggestion_applicability":null,"expansion":null}}},"macro_decl_name":"desugaring of format string literal","def_site_span":{"file_name":"src/main.rs","byte_start":0,"byte_end":0,"line_start":1,"line_end":1,"column_start":1,"column_end":1,"is_primary":false,"text":[],"label":null,"suggested_replacement":null,"suggestion_applicability":null,"expansion":null}}}],"children":[{"message":"the trait `Debug` is not implemented for `Choice`","code":null,"level":"help","spans":[],"children":[],"rendered":null},{"message":"add `#[derive(Debug)]` to `Choice` or manually `impl Debug for Choice`","code":null,"level":"note","spans":[],"children":[],"rendered":null},{"message":"consider annotating `Choice` with `#[derive(Debug)]`","code":null,"level":"help","spans":[{"file_name":"src/main.rs","byte_start":72,"byte_end":72,"line_start":5,"line_end":5,"column_start":1,"column_end":1,"is_primary":true,"text":[{"text":"enum Choice {","highlight_start":1,"highlight_end":1}],"label":null,"suggested_replacement":"#[derive(Debug)]\n","suggestion_applicability":"MaybeIncorrect","expansion":null}],"children":[],"rendered":null}],"rendered":"\u001b[1m\u001b[91merror[E0277]\u001b[0m\u001b[1m: `Choice` doesn't implement `Debug`\u001b[0m\n  \u001b[1m\u001b[94m--> \u001b[0msrc/main.rs:78:42\n   \u001b[1m\u001b[94m|\u001b[0m\n\u001b[1m\u001b[94m78\u001b[0m \u001b[1m\u001b[94m|\u001b[0m         println!(\"Computer chose: {:?}\", computer_choice);\n   \u001b[1m\u001b[94m|\u001b[0m                                   \u001b[1m\u001b[94m----\u001b[0m   \u001b[1m\u001b[91m^^^^^^^^^^^^^^^\u001b[0m \u001b[1m\u001b[91m`Choice` cannot be formatted using `{:?}` because it doesn't implement `Debug`\u001b[0m\n   \u001b[1m\u001b[94m|\u001b[0m                                   \u001b[1m\u001b[94m|\u001b[0m\n   \u001b[1m\u001b[94m|\u001b[0m                                   \u001b[1m\u001b[94mrequired by this formatting parameter\u001b[0m\n   \u001b[1m\u001b[94m|\u001b[0m\n   \u001b[1m\u001b[94m= \u001b[0m\u001b[1mhelp\u001b[0m: the trait `Debug` is not implemented for `Choice`\n   \u001b[1m\u001b[94m= \u001b[0m\u001b[1mnote\u001b[0m: add `#[derive(Debug)]` to `Choice` or manually `impl Debug for Choice`\n   \u001b[1m\u001b[94m= \u001b[0m\u001b[1mnote\u001b[0m: this error originates in the macro `$crate::format_args_nl` which comes from the expansion of the macro `println` (in Nightly builds, run with -Z macro-backtrace for more info)\n\u001b[1m\u001b[96mhelp\u001b[0m: consider annotating `Choice` with `#[derive(Debug)]`\n   \u001b[1m\u001b[94m|\u001b[0m\n \u001b[1m\u001b[94m5\u001b[0m \u001b[92m+ #[derive(Debug)]\u001b[0m\n \u001b[1m\u001b[94m6\u001b[0m \u001b[1m\u001b[94m| \u001b[0menum Choice {\n   \u001b[1m\u001b[94m|\u001b[0m\n\n"}
{"$message_type":"diagnostic","message":"type `Choice` cannot be dereferenced","code":{"code":"E0614","explanation":"Attempted to dereference a variable which cannot be dereferenced.\n\nErroneous code example:\n\n```compile_fail,E0614\nlet y = 0u32;\n*y; // error: type `u32` cannot be dereferenced\n```\n\nOnly types implementing `std::ops::Deref` can be dereferenced (such as `&T`).\nExample:\n\n```\nlet y = 0u32;\nlet x = &y;\n// So here, `x` is a `&u32`, so we can dereference it:\n*x; // ok!\n```\n"},"level":"error","spans":[{"file_name":"src/main.rs","byte_start":2596,"byte_end":2599,"line_start":83,"line_end":83,"column_start":69,"column_end":72,"is_primary":true,"text":[{"text":"            (c1, c2) if c1.wins(c2) => println!(\"{}\", choice.winner(*c1).to_string()),","highlight_start":69,"highlight_end":72}],"label":"can't be dereferenced","suggested_replacement":null,"suggestion_applicability":null,"expansion":null}],"children":[],"rendered":"\u001b[1m\u001b[91merror[E0614]\u001b[0m\u001b[1m: type `Choice` cannot be dereferenced\u001b[0m\n  \u001b[1m\u001b[94m--> \u001b[0msrc/main.rs:83:69\n   \u001b[1m\u001b[94m|\u001b[0m\n\u001b[1m\u001b[94m83\u001b[0m \u001b[1m\u001b[94m|\u001b[0m             (c1, c2) if c1.wins(c2) => println!(\"{}\", choice.winner(*c1).to_string()),\n   \u001b[1m\u001b[94m|\u001b[0m                                                                     \u001b[1m\u001b[91m^^^\u001b[0m \u001b[1m\u001b[91mcan't be dereferenced\u001b[0m\n\n"}
{"$message_type":"diagnostic","message":"type `Choice` cannot be dereferenced","code":{"code":"E0614","explanation":"Attempted to dereference a variable which cannot be dereferenced.\n\nErroneous code example:\n\n```compile_fail,E0614\nlet y = 0u32;\n*y; // error: type `u32` cannot be dereferenced\n```\n\nOnly types implementing `std::ops::Deref` can be dereferenced (such as `&T`).\nExample:\n\n```\nlet y = 0u32;\nlet x = &y;\n// So here, `x` is a `&u32`, so we can dereference it:\n*x; // ok!\n```\n"},"level":"error","spans":[{"file_name":"src/main.rs","byte_start":2692,"byte_end":2695,"line_start":84,"line_end":84,"column_start":78,"column_end":81,"is_primary":true,"text":[{"text":"            (c1, c2) if c2.wins(c1) => println!(\"{}\", computer_choice.winner(*c2).to_string()),","highlight_start":78,"highlight_end":81}],"label":"can't be dereferenced","suggested_replacement":null,"suggestion_applicability":null,"expansion":null}],"children":[],"rendered":"\u001b[1m\u001b[91merror[E0614]\u001b[0m\u001b[1m: type `Choice` cannot be dereferenced\u001b[0m\n  \u001b[1m\u001b[94m--> \u001b[0msrc/main.rs:84:78\n   \u001b[1m\u001b[94m|\u001b[0m\n\u001b[1m\u001b[94m84\u001b[0m \u001b[1m\u001b[94m|\u001b[0m             (c1, c2) if c2.wins(c1) => println!(\"{}\", computer_choice.winner(*c2).to_string()),\n   \u001b[1m\u001b[94m|\u001b[0m                                                                              \u001b[1m\u001b[91m^^^\u001b[0m \u001b[1m\u001b[91mcan't be dereferenced\u001b[0m\n\n"}
{"$message_type":"diagnostic","message":"no method named `to_lowercase` found for type `usize` in the current scope","code":{"code":"E0599","explanation":"This error occurs when a method is used on a type which doesn't implement it:\n\nErroneous code example:\n\n```compile_fail,E0599\nstruct Mouth;\n\nlet x = Mouth;\nx.chocolate(); // error: no method named `chocolate` found for type `Mouth`\n               //        in the current scope\n```\n\nIn this case, you need to implement the `chocolate` method to fix the error:\n\n```\nstruct Mouth;\n\nimpl Mouth {\n    fn chocolate(&self) { // We implement the `chocolate` method here.\n        println!(\"Hmmm! I love chocolate!\");\n    }\n}\n\nlet x = Mouth;\nx.chocolate(); // ok!\n```\n"},"level":"error","spans":[{"file_name":"src/main.rs","byte_start":2910,"byte_end":2922,"line_start":90,"line_end":90,"column_start":19,"column_end":31,"is_primary":true,"text":[{"text":"        if answer.to_lowercase() != \"yes\" {","highlight_start":19,"highlight_end":31}],"label":"method not found in `usize`","suggested_replacement":null,"suggestion_applicability":null,"expansion":null}],"children":[],"rendered":"\u001b[1m\u001b[91merror[E0599]\u001b[0m\u001b[1m: no method named `to_lowercase` found for type `usize` in the current scope\u001b[0m\n  \u001b[1m\u001b[94m--> \u001b[0msrc/main.rs:90:19\n   \u001b[1m\u001b[94m|\u001b[0m\n\u001b[1m\u001b[94m90\u001b[0m \u001b[1m\u001b[94m|\u001b[0m         if answer.to_lowercase() != \"yes\" {\n   \u001b[1m\u001b[94m|\u001b[0m                   \u001b[1m\u001b[91m^^^^^^^^^^^^\u001b[0m \u001b[1m\u001b[91mmethod not found in `usize`\u001b[0m\n\n"}
{"$message_type":"diagnostic","message":"aborting due to 12 previous errors; 1 warning emitted","code":null,"level":"error","spans":[],"children":[],"rendered":"\u001b[1m\u001b[91merror\u001b[0m\u001b[1m: aborting due to 12 previous errors; 1 warning emitted\u001b[0m\n\n"}
{"$message_type":"diagnostic","message":"Some errors have detailed explanations: E0277, E0308, E0425, E0599, E0614.","code":null,"level":"failure-note","spans":[],"children":[],"rendered":"\u001b[1mSome errors have detailed explanations: E0277, E0308, E0425, E0599, E0614.\u001b[0m\n"}
{"$message_type":"diagnostic","message":"For more information about an error, try `rustc --explain E0277`.","code":null,"level":"failure-note","spans":[],"children":[],"rendered":"\u001b[1mFor more information about an error, try `rustc --explain E0277`.\u001b[0m\n"}
